<?xml version="1.0" encoding="UTF-8"?>
<testsuite xmlns:xsi="http://www.w3.org/2001/XMLSchema-instance" xsi:noNamespaceSchemaLocation="https://maven.apache.org/surefire/maven-surefire-plugin/xsd/surefire-test-report-3.0.xsd" version="3.0" name="com.users.boundary.UsersResourceITest" time="30.334" tests="4" errors="0" skipped="0" failures="0">
  <properties>
    <property name="sun.desktop" value="gnome"/>
    <property name="awt.toolkit" value="sun.awt.X11.XToolkit"/>
    <property name="netbeans.deploy" value="true"/>
    <property name="java.specification.version" value="11"/>
    <property name="sun.cpu.isalist" value=""/>
    <property name="sun.jnu.encoding" value="UTF-8"/>
    <property name="java.class.path" value="/home/nkengasong/Videos/users/target/test-classes:/home/nkengasong/Videos/users/target/classes:/home/nkengasong/.m2/repository/javax/javaee-api/8.0/javaee-api-8.0.jar:/home/nkengasong/.m2/repository/com/sun/mail/javax.mail/1.6.0/javax.mail-1.6.0.jar:/home/nkengasong/.m2/repository/javax/activation/activation/1.1/activation-1.1.jar:/home/nkengasong/.m2/repository/org/jboss/arquillian/junit/arquillian-junit-container/1.4.1.Final/arquillian-junit-container-1.4.1.Final.jar:/home/nkengasong/.m2/repository/org/jboss/arquillian/junit/arquillian-junit-core/1.4.1.Final/arquillian-junit-core-1.4.1.Final.jar:/home/nkengasong/.m2/repository/org/jboss/arquillian/test/arquillian-test-api/1.4.1.Final/arquillian-test-api-1.4.1.Final.jar:/home/nkengasong/.m2/repository/org/jboss/arquillian/core/arquillian-core-api/1.4.1.Final/arquillian-core-api-1.4.1.Final.jar:/home/nkengasong/.m2/repository/org/jboss/arquillian/test/arquillian-test-spi/1.4.1.Final/arquillian-test-spi-1.4.1.Final.jar:/home/nkengasong/.m2/repository/org/jboss/arquillian/core/arquillian-core-spi/1.4.1.Final/arquillian-core-spi-1.4.1.Final.jar:/home/nkengasong/.m2/repository/org/jboss/arquillian/container/arquillian-container-test-api/1.4.1.Final/arquillian-container-test-api-1.4.1.Final.jar:/home/nkengasong/.m2/repository/org/jboss/shrinkwrap/shrinkwrap-api/1.2.6/shrinkwrap-api-1.2.6.jar:/home/nkengasong/.m2/repository/org/jboss/shrinkwrap/descriptors/shrinkwrap-descriptors-api-base/2.0.0/shrinkwrap-descriptors-api-base-2.0.0.jar:/home/nkengasong/.m2/repository/org/jboss/arquillian/container/arquillian-container-test-spi/1.4.1.Final/arquillian-container-test-spi-1.4.1.Final.jar:/home/nkengasong/.m2/repository/org/jboss/arquillian/core/arquillian-core-impl-base/1.4.1.Final/arquillian-core-impl-base-1.4.1.Final.jar:/home/nkengasong/.m2/repository/org/jboss/arquillian/test/arquillian-test-impl-base/1.4.1.Final/arquillian-test-impl-base-1.4.1.Final.jar:/home/nkengasong/.m2/repository/org/jboss/arquillian/container/arquillian-container-impl-base/1.4.1.Final/arquillian-container-impl-base-1.4.1.Final.jar:/home/nkengasong/.m2/repository/org/jboss/arquillian/config/arquillian-config-api/1.4.1.Final/arquillian-config-api-1.4.1.Final.jar:/home/nkengasong/.m2/repository/org/jboss/arquillian/config/arquillian-config-impl-base/1.4.1.Final/arquillian-config-impl-base-1.4.1.Final.jar:/home/nkengasong/.m2/repository/org/jboss/arquillian/config/arquillian-config-spi/1.4.1.Final/arquillian-config-spi-1.4.1.Final.jar:/home/nkengasong/.m2/repository/org/jboss/shrinkwrap/descriptors/shrinkwrap-descriptors-spi/2.0.0/shrinkwrap-descriptors-spi-2.0.0.jar:/home/nkengasong/.m2/repository/org/jboss/arquillian/container/arquillian-container-test-impl-base/1.4.1.Final/arquillian-container-test-impl-base-1.4.1.Final.jar:/home/nkengasong/.m2/repository/org/jboss/shrinkwrap/shrinkwrap-impl-base/1.2.6/shrinkwrap-impl-base-1.2.6.jar:/home/nkengasong/.m2/repository/org/jboss/shrinkwrap/shrinkwrap-spi/1.2.6/shrinkwrap-spi-1.2.6.jar:/home/nkengasong/.m2/repository/fish/payara/arquillian/arquillian-payara-server-4-embedded/1.0.Beta3/arquillian-payara-server-4-embedded-1.0.Beta3.jar:/home/nkengasong/.m2/repository/org/jboss/arquillian/container/arquillian-container-spi/1.4.1.Final/arquillian-container-spi-1.4.1.Final.jar:/home/nkengasong/.m2/repository/org/jboss/arquillian/protocol/arquillian-protocol-servlet/1.4.1.Final/arquillian-protocol-servlet-1.4.1.Final.jar:/home/nkengasong/.m2/repository/org/jboss/arquillian/testenricher/arquillian-testenricher-cdi/1.4.1.Final/arquillian-testenricher-cdi-1.4.1.Final.jar:/home/nkengasong/.m2/repository/org/jboss/arquillian/testenricher/arquillian-testenricher-ejb/1.4.1.Final/arquillian-testenricher-ejb-1.4.1.Final.jar:/home/nkengasong/.m2/repository/org/jboss/arquillian/testenricher/arquillian-testenricher-resource/1.4.1.Final/arquillian-testenricher-resource-1.4.1.Final.jar:/home/nkengasong/.m2/repository/org/jboss/arquillian/testenricher/arquillian-testenricher-initialcontext/1.4.1.Final/arquillian-testenricher-initialcontext-1.4.1.Final.jar:/home/nkengasong/.m2/repository/fish/payara/extras/payara-embedded-all/5.192/payara-embedded-all-5.192.jar:/home/nkengasong/.m2/repository/io/swagger/swagger-annotations/1.5.20/swagger-annotations-1.5.20.jar:/home/nkengasong/.m2/repository/junit/junit/4.12/junit-4.12.jar:/home/nkengasong/.m2/repository/org/hamcrest/hamcrest-core/1.3/hamcrest-core-1.3.jar:/home/nkengasong/.m2/repository/org/projectlombok/lombok/1.18.6/lombok-1.18.6.jar:"/>
    <property name="java.vm.vendor" value="Oracle Corporation"/>
    <property name="sun.arch.data.model" value="64"/>
    <property name="java.vendor.url" value="http://java.oracle.com/"/>
    <property name="user.timezone" value=""/>
    <property name="java.vm.specification.version" value="11"/>
    <property name="os.name" value="Linux"/>
    <property name="user.country" value="US"/>
    <property name="sun.java.launcher" value="SUN_STANDARD"/>
    <property name="sun.boot.library.path" value="/home/nkengasong/.sdkman/candidates/java/11.0.1-open/lib"/>
    <property name="sun.java.command" value="/home/nkengasong/Videos/users/target/surefire/surefirebooter3026284444979299646.jar /home/nkengasong/Videos/users/target/surefire 2019-06-09T16-19-39_744-jvmRun1 surefire106070708797127528tmp surefire_04780838945065222883tmp"/>
    <property name="jdk.debug" value="release"/>
    <property name="surefire.test.class.path" value="/home/nkengasong/Videos/users/target/test-classes:/home/nkengasong/Videos/users/target/classes:/home/nkengasong/.m2/repository/javax/javaee-api/8.0/javaee-api-8.0.jar:/home/nkengasong/.m2/repository/com/sun/mail/javax.mail/1.6.0/javax.mail-1.6.0.jar:/home/nkengasong/.m2/repository/javax/activation/activation/1.1/activation-1.1.jar:/home/nkengasong/.m2/repository/org/jboss/arquillian/junit/arquillian-junit-container/1.4.1.Final/arquillian-junit-container-1.4.1.Final.jar:/home/nkengasong/.m2/repository/org/jboss/arquillian/junit/arquillian-junit-core/1.4.1.Final/arquillian-junit-core-1.4.1.Final.jar:/home/nkengasong/.m2/repository/org/jboss/arquillian/test/arquillian-test-api/1.4.1.Final/arquillian-test-api-1.4.1.Final.jar:/home/nkengasong/.m2/repository/org/jboss/arquillian/core/arquillian-core-api/1.4.1.Final/arquillian-core-api-1.4.1.Final.jar:/home/nkengasong/.m2/repository/org/jboss/arquillian/test/arquillian-test-spi/1.4.1.Final/arquillian-test-spi-1.4.1.Final.jar:/home/nkengasong/.m2/repository/org/jboss/arquillian/core/arquillian-core-spi/1.4.1.Final/arquillian-core-spi-1.4.1.Final.jar:/home/nkengasong/.m2/repository/org/jboss/arquillian/container/arquillian-container-test-api/1.4.1.Final/arquillian-container-test-api-1.4.1.Final.jar:/home/nkengasong/.m2/repository/org/jboss/shrinkwrap/shrinkwrap-api/1.2.6/shrinkwrap-api-1.2.6.jar:/home/nkengasong/.m2/repository/org/jboss/shrinkwrap/descriptors/shrinkwrap-descriptors-api-base/2.0.0/shrinkwrap-descriptors-api-base-2.0.0.jar:/home/nkengasong/.m2/repository/org/jboss/arquillian/container/arquillian-container-test-spi/1.4.1.Final/arquillian-container-test-spi-1.4.1.Final.jar:/home/nkengasong/.m2/repository/org/jboss/arquillian/core/arquillian-core-impl-base/1.4.1.Final/arquillian-core-impl-base-1.4.1.Final.jar:/home/nkengasong/.m2/repository/org/jboss/arquillian/test/arquillian-test-impl-base/1.4.1.Final/arquillian-test-impl-base-1.4.1.Final.jar:/home/nkengasong/.m2/repository/org/jboss/arquillian/container/arquillian-container-impl-base/1.4.1.Final/arquillian-container-impl-base-1.4.1.Final.jar:/home/nkengasong/.m2/repository/org/jboss/arquillian/config/arquillian-config-api/1.4.1.Final/arquillian-config-api-1.4.1.Final.jar:/home/nkengasong/.m2/repository/org/jboss/arquillian/config/arquillian-config-impl-base/1.4.1.Final/arquillian-config-impl-base-1.4.1.Final.jar:/home/nkengasong/.m2/repository/org/jboss/arquillian/config/arquillian-config-spi/1.4.1.Final/arquillian-config-spi-1.4.1.Final.jar:/home/nkengasong/.m2/repository/org/jboss/shrinkwrap/descriptors/shrinkwrap-descriptors-spi/2.0.0/shrinkwrap-descriptors-spi-2.0.0.jar:/home/nkengasong/.m2/repository/org/jboss/arquillian/container/arquillian-container-test-impl-base/1.4.1.Final/arquillian-container-test-impl-base-1.4.1.Final.jar:/home/nkengasong/.m2/repository/org/jboss/shrinkwrap/shrinkwrap-impl-base/1.2.6/shrinkwrap-impl-base-1.2.6.jar:/home/nkengasong/.m2/repository/org/jboss/shrinkwrap/shrinkwrap-spi/1.2.6/shrinkwrap-spi-1.2.6.jar:/home/nkengasong/.m2/repository/fish/payara/arquillian/arquillian-payara-server-4-embedded/1.0.Beta3/arquillian-payara-server-4-embedded-1.0.Beta3.jar:/home/nkengasong/.m2/repository/org/jboss/arquillian/container/arquillian-container-spi/1.4.1.Final/arquillian-container-spi-1.4.1.Final.jar:/home/nkengasong/.m2/repository/org/jboss/arquillian/protocol/arquillian-protocol-servlet/1.4.1.Final/arquillian-protocol-servlet-1.4.1.Final.jar:/home/nkengasong/.m2/repository/org/jboss/arquillian/testenricher/arquillian-testenricher-cdi/1.4.1.Final/arquillian-testenricher-cdi-1.4.1.Final.jar:/home/nkengasong/.m2/repository/org/jboss/arquillian/testenricher/arquillian-testenricher-ejb/1.4.1.Final/arquillian-testenricher-ejb-1.4.1.Final.jar:/home/nkengasong/.m2/repository/org/jboss/arquillian/testenricher/arquillian-testenricher-resource/1.4.1.Final/arquillian-testenricher-resource-1.4.1.Final.jar:/home/nkengasong/.m2/repository/org/jboss/arquillian/testenricher/arquillian-testenricher-initialcontext/1.4.1.Final/arquillian-testenricher-initialcontext-1.4.1.Final.jar:/home/nkengasong/.m2/repository/fish/payara/extras/payara-embedded-all/5.192/payara-embedded-all-5.192.jar:/home/nkengasong/.m2/repository/io/swagger/swagger-annotations/1.5.20/swagger-annotations-1.5.20.jar:/home/nkengasong/.m2/repository/junit/junit/4.12/junit-4.12.jar:/home/nkengasong/.m2/repository/org/hamcrest/hamcrest-core/1.3/hamcrest-core-1.3.jar:/home/nkengasong/.m2/repository/org/projectlombok/lombok/1.18.6/lombok-1.18.6.jar:"/>
    <property name="sun.cpu.endian" value="little"/>
    <property name="user.home" value="/home/nkengasong"/>
    <property name="user.language" value="en"/>
    <property name="java.specification.vendor" value="Oracle Corporation"/>
    <property name="java.version.date" value="2018-10-16"/>
    <property name="java.home" value="/home/nkengasong/.sdkman/candidates/java/11.0.1-open"/>
    <property name="file.separator" value="/"/>
    <property name="basedir" value="/home/nkengasong/Videos/users"/>
    <property name="java.vm.compressedOopsMode" value="32-bit"/>
    <property name="line.separator" value="&#10;"/>
    <property name="java.specification.name" value="Java Platform API Specification"/>
    <property name="java.vm.specification.vendor" value="Oracle Corporation"/>
    <property name="java.awt.graphicsenv" value="sun.awt.X11GraphicsEnvironment"/>
    <property name="current.jrebel.agent.path" value="/home/nkengasong/netbeans-11.0/java2/griffin/jrebel.jar"/>
    <property name="surefire.real.class.path" value="/home/nkengasong/Videos/users/target/surefire/surefirebooter3026284444979299646.jar"/>
    <property name="sun.management.compiler" value="HotSpot 64-Bit Tiered Compilers"/>
    <property name="java.runtime.version" value="11.0.1+13"/>
    <property name="user.name" value="nkengasong"/>
    <property name="path.separator" value=":"/>
    <property name="os.version" value="4.15.0-44-generic"/>
    <property name="java.runtime.name" value="OpenJDK Runtime Environment"/>
    <property name="file.encoding" value="UTF-8"/>
    <property name="java.vm.name" value="OpenJDK 64-Bit Server VM"/>
    <property name="java.vendor.version" value="18.9"/>
    <property name="maven.ext.class.path" value="/home/nkengasong/netbeans-11.0/java/maven-nblib/netbeans-eventspy.jar"/>
    <property name="localRepository" value="/home/nkengasong/.m2/repository"/>
    <property name="java.vendor.url.bug" value="http://bugreport.java.com/bugreport/"/>
    <property name="java.io.tmpdir" value="/tmp"/>
    <property name="java.version" value="11.0.1"/>
    <property name="user.dir" value="/home/nkengasong/Videos/users"/>
    <property name="os.arch" value="amd64"/>
    <property name="java.vm.specification.name" value="Java Virtual Machine Specification"/>
    <property name="java.awt.printerjob" value="sun.print.PSPrinterJob"/>
    <property name="sun.os.patch.level" value="unknown"/>
    <property name="java.library.path" value="/usr/java/packages/lib:/usr/lib64:/lib64:/lib:/usr/lib"/>
    <property name="java.vendor" value="Oracle Corporation"/>
    <property name="java.vm.info" value="mixed mode"/>
    <property name="java.vm.version" value="11.0.1+13"/>
    <property name="sun.io.unicode.encoding" value="UnicodeLittle"/>
    <property name="java.class.version" value="55.0"/>
  </properties>
  <testcase name="testAddUser" classname="com.users.boundary.UsersResourceITest" time="0.056"/>
  <testcase name="testGetAllUsers" classname="com.users.boundary.UsersResourceITest" time="0.024"/>
  <testcase name="testUpdateUser" classname="com.users.boundary.UsersResourceITest" time="0.018"/>
  <testcase name="testGetOneUser" classname="com.users.boundary.UsersResourceITest" time="0.012"/>
</testsuite>